[11-Mar-2024 23:11:45 UTC] PHP Deprecated:  Hook http_api_transports is deprecated since version 6.4.0 with no alternative available. in /wordpress/wp-includes/functions.php on line 140
[11-Mar-2024 23:11:47 UTC] PHP Deprecated:  Hook http_api_transports is deprecated since version 6.4.0 with no alternative available. in /wordpress/wp-includes/functions.php on line 140
[11-Mar-2024 23:11:49 UTC] PHP Deprecated:  Hook http_api_transports is deprecated since version 6.4.0 with no alternative available. in /wordpress/wp-includes/functions.php on line 140
[11-Mar-2024 23:11:53 UTC] PHP Deprecated:  Hook http_api_transports is deprecated since version 6.4.0 with no alternative available. in /wordpress/wp-includes/functions.php on line 140
[11-Mar-2024 23:11:59 UTC] PHP Deprecated:  Hook http_api_transports is deprecated since version 6.4.0 with no alternative available. in /wordpress/wp-includes/functions.php on line 140
[11-Mar-2024 23:12:01 UTC] PHP Deprecated:  Hook http_api_transports is deprecated since version 6.4.0 with no alternative available. in /wordpress/wp-includes/functions.php on line 140
[11-Mar-2024 23:12:05 UTC] PHP Deprecated:  Hook http_api_transports is deprecated since version 6.4.0 with no alternative available. in /wordpress/wp-includes/functions.php on line 140
[11-Mar-2024 23:21:58 UTC] PHP Deprecated:  Hook http_api_transports is deprecated since version 6.4.0 with no alternative available. in /wordpress/wp-includes/functions.php on line 140
[11-Mar-2024 23:27:18 UTC] PHP Deprecated:  Hook http_api_transports is deprecated since version 6.4.0 with no alternative available. in /wordpress/wp-includes/functions.php on line 140
[11-Mar-2024 23:27:25 UTC] PHP Deprecated:  Hook http_api_transports is deprecated since version 6.4.0 with no alternative available. in /wordpress/wp-includes/functions.php on line 140
[11-Mar-2024 23:27:30 UTC] PHP Deprecated:  Hook http_api_transports is deprecated since version 6.4.0 with no alternative available. in /wordpress/wp-includes/functions.php on line 140
[11-Mar-2024 23:27:52 UTC] PHP Deprecated:  Hook http_api_transports is deprecated since version 6.4.0 with no alternative available. in /wordpress/wp-includes/functions.php on line 140
[11-Mar-2024 23:27:55 UTC] PHP Deprecated:  Hook http_api_transports is deprecated since version 6.4.0 with no alternative available. in /wordpress/wp-includes/functions.php on line 140
[11-Mar-2024 23:28:23 UTC] PHP Deprecated:  Hook http_api_transports is deprecated since version 6.4.0 with no alternative available. in /wordpress/wp-includes/functions.php on line 140
[11-Mar-2024 23:28:26 UTC] PHP Deprecated:  Hook http_api_transports is deprecated since version 6.4.0 with no alternative available. in /wordpress/wp-includes/functions.php on line 140
[11-Mar-2024 23:28:31 UTC] PHP Deprecated:  Hook http_api_transports is deprecated since version 6.4.0 with no alternative available. in /wordpress/wp-includes/functions.php on line 140
[11-Mar-2024 23:28:39 UTC] PHP Deprecated:  Hook http_api_transports is deprecated since version 6.4.0 with no alternative available. in /wordpress/wp-includes/functions.php on line 140
[11-Mar-2024 23:28:44 UTC] PHP Deprecated:  Hook http_api_transports is deprecated since version 6.4.0 with no alternative available. in /wordpress/wp-includes/functions.php on line 140
[11-Mar-2024 23:28:44 UTC] PHP Warning:  "continue" targeting switch is equivalent to "break". Did you mean to use "continue 2"? in /wordpress/wp-content/themes/flower/admin/redux-framework/ReduxCore/extensions/customizer/extension_customizer.php on line 358
[11-Mar-2024 23:28:44 UTC] PHP Warning:  "continue" targeting switch is equivalent to "break". Did you mean to use "continue 2"? in /wordpress/wp-content/themes/flower/admin/redux-framework/ReduxCore/extensions/customizer/extension_customizer.php on line 380
[11-Mar-2024 23:28:44 UTC] PHP Warning:  "continue" targeting switch is equivalent to "break". Did you mean to use "continue 2"? in /wordpress/wp-content/themes/flower/admin/redux-framework/ReduxCore/extensions/customizer/extension_customizer.php on line 384
[11-Mar-2024 23:28:44 UTC] PHP Warning:  "continue" targeting switch is equivalent to "break". Did you mean to use "continue 2"? in /wordpress/wp-content/themes/flower/admin/redux-framework/ReduxCore/extensions/customizer/extension_customizer.php on line 411
[11-Mar-2024 23:28:44 UTC] PHP Warning:  "continue" targeting switch is equivalent to "break". Did you mean to use "continue 2"? in /wordpress/wp-content/themes/flower/admin/redux-framework/ReduxCore/extensions/customizer/extension_customizer.php on line 423
[11-Mar-2024 23:28:44 UTC] PHP Warning:  "continue" targeting switch is equivalent to "break". Did you mean to use "continue 2"? in /wordpress/wp-content/themes/flower/admin/redux-framework/ReduxCore/extensions/customizer/extension_customizer.php on line 442
[11-Mar-2024 23:28:44 UTC] PHP Deprecated:  Hook http_api_transports is deprecated since version 6.4.0 with no alternative available. in /wordpress/wp-includes/functions.php on line 140
[11-Mar-2024 23:28:49 UTC] PHP Warning:  "continue" targeting switch is equivalent to "break". Did you mean to use "continue 2"? in /wordpress/wp-content/themes/flower/admin/redux-framework/ReduxCore/extensions/customizer/extension_customizer.php on line 358
[11-Mar-2024 23:28:49 UTC] PHP Warning:  "continue" targeting switch is equivalent to "break". Did you mean to use "continue 2"? in /wordpress/wp-content/themes/flower/admin/redux-framework/ReduxCore/extensions/customizer/extension_customizer.php on line 380
[11-Mar-2024 23:28:49 UTC] PHP Warning:  "continue" targeting switch is equivalent to "break". Did you mean to use "continue 2"? in /wordpress/wp-content/themes/flower/admin/redux-framework/ReduxCore/extensions/customizer/extension_customizer.php on line 384
[11-Mar-2024 23:28:49 UTC] PHP Warning:  "continue" targeting switch is equivalent to "break". Did you mean to use "continue 2"? in /wordpress/wp-content/themes/flower/admin/redux-framework/ReduxCore/extensions/customizer/extension_customizer.php on line 411
[11-Mar-2024 23:28:49 UTC] PHP Warning:  "continue" targeting switch is equivalent to "break". Did you mean to use "continue 2"? in /wordpress/wp-content/themes/flower/admin/redux-framework/ReduxCore/extensions/customizer/extension_customizer.php on line 423
[11-Mar-2024 23:28:49 UTC] PHP Warning:  "continue" targeting switch is equivalent to "break". Did you mean to use "continue 2"? in /wordpress/wp-content/themes/flower/admin/redux-framework/ReduxCore/extensions/customizer/extension_customizer.php on line 442
[11-Mar-2024 23:28:50 UTC] PHP Deprecated:  Required parameter $parent follows optional parameter $field in /wordpress/wp-content/themes/flower/admin/redux-framework/ReduxCore/inc/fields/media/field_media.php on line 46
[11-Mar-2024 23:28:50 UTC] PHP Deprecated:  Required parameter $parent follows optional parameter $field in /wordpress/wp-content/themes/flower/admin/redux-framework/ReduxCore/inc/fields/ace_editor/field_ace_editor.php on line 33
[11-Mar-2024 23:28:50 UTC] PHP Deprecated:  Required parameter $parent follows optional parameter $field in /wordpress/wp-content/themes/flower/admin/redux-framework/ReduxCore/inc/fields/editor/field_editor.php on line 46
[11-Mar-2024 23:28:50 UTC] PHP Deprecated:  Required parameter $parent follows optional parameter $field in /wordpress/wp-content/themes/flower/admin/redux-framework/ReduxCore/inc/fields/switch/field_switch.php on line 17
[11-Mar-2024 23:28:50 UTC] PHP Deprecated:  Required parameter $parent follows optional parameter $field in /wordpress/wp-content/themes/flower/admin/redux-framework/ReduxCore/inc/fields/select/field_select.php on line 17
[11-Mar-2024 23:28:50 UTC] PHP Deprecated:  Required parameter $parent follows optional parameter $field in /wordpress/wp-content/themes/flower/admin/redux-framework/ReduxCore/inc/fields/import_export/field_import_export.php on line 44
[11-Mar-2024 23:28:50 UTC] PHP Deprecated:  Required parameter $parent follows optional parameter $field in /wordpress/wp-content/themes/flower/admin/redux-framework/ReduxCore/inc/fields/raw/field_raw.php on line 17
[11-Mar-2024 23:28:56 UTC] PHP Warning:  "continue" targeting switch is equivalent to "break". Did you mean to use "continue 2"? in /wordpress/wp-content/themes/flower/admin/redux-framework/ReduxCore/extensions/customizer/extension_customizer.php on line 358
[11-Mar-2024 23:28:56 UTC] PHP Warning:  "continue" targeting switch is equivalent to "break". Did you mean to use "continue 2"? in /wordpress/wp-content/themes/flower/admin/redux-framework/ReduxCore/extensions/customizer/extension_customizer.php on line 380
[11-Mar-2024 23:28:56 UTC] PHP Warning:  "continue" targeting switch is equivalent to "break". Did you mean to use "continue 2"? in /wordpress/wp-content/themes/flower/admin/redux-framework/ReduxCore/extensions/customizer/extension_customizer.php on line 384
[11-Mar-2024 23:28:56 UTC] PHP Warning:  "continue" targeting switch is equivalent to "break". Did you mean to use "continue 2"? in /wordpress/wp-content/themes/flower/admin/redux-framework/ReduxCore/extensions/customizer/extension_customizer.php on line 411
[11-Mar-2024 23:28:56 UTC] PHP Warning:  "continue" targeting switch is equivalent to "break". Did you mean to use "continue 2"? in /wordpress/wp-content/themes/flower/admin/redux-framework/ReduxCore/extensions/customizer/extension_customizer.php on line 423
[11-Mar-2024 23:28:56 UTC] PHP Warning:  "continue" targeting switch is equivalent to "break". Did you mean to use "continue 2"? in /wordpress/wp-content/themes/flower/admin/redux-framework/ReduxCore/extensions/customizer/extension_customizer.php on line 442
[11-Mar-2024 23:28:56 UTC] PHP Deprecated:  Required parameter $parent follows optional parameter $field in /wordpress/wp-content/themes/flower/admin/redux-framework/ReduxCore/inc/fields/media/field_media.php on line 46
[11-Mar-2024 23:28:56 UTC] PHP Deprecated:  Required parameter $parent follows optional parameter $field in /wordpress/wp-content/themes/flower/admin/redux-framework/ReduxCore/inc/fields/ace_editor/field_ace_editor.php on line 33
[11-Mar-2024 23:28:56 UTC] PHP Deprecated:  Required parameter $parent follows optional parameter $field in /wordpress/wp-content/themes/flower/admin/redux-framework/ReduxCore/inc/fields/editor/field_editor.php on line 46
[11-Mar-2024 23:28:56 UTC] PHP Deprecated:  Required parameter $parent follows optional parameter $field in /wordpress/wp-content/themes/flower/admin/redux-framework/ReduxCore/inc/fields/switch/field_switch.php on line 17
[11-Mar-2024 23:28:56 UTC] PHP Deprecated:  Required parameter $parent follows optional parameter $field in /wordpress/wp-content/themes/flower/admin/redux-framework/ReduxCore/inc/fields/select/field_select.php on line 17
[11-Mar-2024 23:28:56 UTC] PHP Deprecated:  Required parameter $parent follows optional parameter $field in /wordpress/wp-content/themes/flower/admin/redux-framework/ReduxCore/inc/fields/import_export/field_import_export.php on line 44
[11-Mar-2024 23:28:56 UTC] PHP Deprecated:  Required parameter $parent follows optional parameter $field in /wordpress/wp-content/themes/flower/admin/redux-framework/ReduxCore/inc/fields/raw/field_raw.php on line 17
[11-Mar-2024 23:29:21 UTC] PHP Warning:  "continue" targeting switch is equivalent to "break". Did you mean to use "continue 2"? in /wordpress/wp-content/themes/flower/admin/redux-framework/ReduxCore/extensions/customizer/extension_customizer.php on line 358
[11-Mar-2024 23:29:21 UTC] PHP Warning:  "continue" targeting switch is equivalent to "break". Did you mean to use "continue 2"? in /wordpress/wp-content/themes/flower/admin/redux-framework/ReduxCore/extensions/customizer/extension_customizer.php on line 380
[11-Mar-2024 23:29:21 UTC] PHP Warning:  "continue" targeting switch is equivalent to "break". Did you mean to use "continue 2"? in /wordpress/wp-content/themes/flower/admin/redux-framework/ReduxCore/extensions/customizer/extension_customizer.php on line 384
[11-Mar-2024 23:29:21 UTC] PHP Warning:  "continue" targeting switch is equivalent to "break". Did you mean to use "continue 2"? in /wordpress/wp-content/themes/flower/admin/redux-framework/ReduxCore/extensions/customizer/extension_customizer.php on line 411
[11-Mar-2024 23:29:21 UTC] PHP Warning:  "continue" targeting switch is equivalent to "break". Did you mean to use "continue 2"? in /wordpress/wp-content/themes/flower/admin/redux-framework/ReduxCore/extensions/customizer/extension_customizer.php on line 423
[11-Mar-2024 23:29:21 UTC] PHP Warning:  "continue" targeting switch is equivalent to "break". Did you mean to use "continue 2"? in /wordpress/wp-content/themes/flower/admin/redux-framework/ReduxCore/extensions/customizer/extension_customizer.php on line 442
[11-Mar-2024 23:29:22 UTC] PHP Warning:  "continue" targeting switch is equivalent to "break". Did you mean to use "continue 2"? in /wordpress/wp-content/themes/flower/admin/redux-framework/ReduxCore/extensions/customizer/extension_customizer.php on line 358
[11-Mar-2024 23:29:22 UTC] PHP Warning:  "continue" targeting switch is equivalent to "break". Did you mean to use "continue 2"? in /wordpress/wp-content/themes/flower/admin/redux-framework/ReduxCore/extensions/customizer/extension_customizer.php on line 380
[11-Mar-2024 23:29:22 UTC] PHP Warning:  "continue" targeting switch is equivalent to "break". Did you mean to use "continue 2"? in /wordpress/wp-content/themes/flower/admin/redux-framework/ReduxCore/extensions/customizer/extension_customizer.php on line 384
[11-Mar-2024 23:29:22 UTC] PHP Warning:  "continue" targeting switch is equivalent to "break". Did you mean to use "continue 2"? in /wordpress/wp-content/themes/flower/admin/redux-framework/ReduxCore/extensions/customizer/extension_customizer.php on line 411
[11-Mar-2024 23:29:22 UTC] PHP Warning:  "continue" targeting switch is equivalent to "break". Did you mean to use "continue 2"? in /wordpress/wp-content/themes/flower/admin/redux-framework/ReduxCore/extensions/customizer/extension_customizer.php on line 423
[11-Mar-2024 23:29:22 UTC] PHP Warning:  "continue" targeting switch is equivalent to "break". Did you mean to use "continue 2"? in /wordpress/wp-content/themes/flower/admin/redux-framework/ReduxCore/extensions/customizer/extension_customizer.php on line 442
[11-Mar-2024 23:29:22 UTC] PHP Deprecated:  Hook http_api_transports is deprecated since version 6.4.0 with no alternative available. in /wordpress/wp-includes/functions.php on line 140
[11-Mar-2024 23:29:24 UTC] PHP Warning:  "continue" targeting switch is equivalent to "break". Did you mean to use "continue 2"? in /wordpress/wp-content/themes/flower/admin/redux-framework/ReduxCore/extensions/customizer/extension_customizer.php on line 358
[11-Mar-2024 23:29:24 UTC] PHP Warning:  "continue" targeting switch is equivalent to "break". Did you mean to use "continue 2"? in /wordpress/wp-content/themes/flower/admin/redux-framework/ReduxCore/extensions/customizer/extension_customizer.php on line 380
[11-Mar-2024 23:29:24 UTC] PHP Warning:  "continue" targeting switch is equivalent to "break". Did you mean to use "continue 2"? in /wordpress/wp-content/themes/flower/admin/redux-framework/ReduxCore/extensions/customizer/extension_customizer.php on line 384
[11-Mar-2024 23:29:24 UTC] PHP Warning:  "continue" targeting switch is equivalent to "break". Did you mean to use "continue 2"? in /wordpress/wp-content/themes/flower/admin/redux-framework/ReduxCore/extensions/customizer/extension_customizer.php on line 411
[11-Mar-2024 23:29:24 UTC] PHP Warning:  "continue" targeting switch is equivalent to "break". Did you mean to use "continue 2"? in /wordpress/wp-content/themes/flower/admin/redux-framework/ReduxCore/extensions/customizer/extension_customizer.php on line 423
[11-Mar-2024 23:29:24 UTC] PHP Warning:  "continue" targeting switch is equivalent to "break". Did you mean to use "continue 2"? in /wordpress/wp-content/themes/flower/admin/redux-framework/ReduxCore/extensions/customizer/extension_customizer.php on line 442
[11-Mar-2024 23:29:24 UTC] PHP Deprecated:  Required parameter $parent follows optional parameter $field in /wordpress/wp-content/themes/flower/admin/redux-framework/ReduxCore/inc/fields/media/field_media.php on line 46
[11-Mar-2024 23:29:24 UTC] PHP Deprecated:  Required parameter $parent follows optional parameter $field in /wordpress/wp-content/themes/flower/admin/redux-framework/ReduxCore/inc/fields/ace_editor/field_ace_editor.php on line 33
[11-Mar-2024 23:29:24 UTC] PHP Deprecated:  Required parameter $parent follows optional parameter $field in /wordpress/wp-content/themes/flower/admin/redux-framework/ReduxCore/inc/fields/editor/field_editor.php on line 46
[11-Mar-2024 23:29:24 UTC] PHP Deprecated:  Required parameter $parent follows optional parameter $field in /wordpress/wp-content/themes/flower/admin/redux-framework/ReduxCore/inc/fields/switch/field_switch.php on line 17
[11-Mar-2024 23:29:24 UTC] PHP Deprecated:  Required parameter $parent follows optional parameter $field in /wordpress/wp-content/themes/flower/admin/redux-framework/ReduxCore/inc/fields/select/field_select.php on line 17
[11-Mar-2024 23:29:24 UTC] PHP Deprecated:  Required parameter $parent follows optional parameter $field in /wordpress/wp-content/themes/flower/admin/redux-framework/ReduxCore/inc/fields/import_export/field_import_export.php on line 44
[11-Mar-2024 23:29:24 UTC] PHP Deprecated:  Required parameter $parent follows optional parameter $field in /wordpress/wp-content/themes/flower/admin/redux-framework/ReduxCore/inc/fields/raw/field_raw.php on line 17
[11-Mar-2024 23:29:45 UTC] PHP Warning:  "continue" targeting switch is equivalent to "break". Did you mean to use "continue 2"? in /wordpress/wp-content/themes/flower/admin/redux-framework/ReduxCore/extensions/customizer/extension_customizer.php on line 358
[11-Mar-2024 23:29:45 UTC] PHP Warning:  "continue" targeting switch is equivalent to "break". Did you mean to use "continue 2"? in /wordpress/wp-content/themes/flower/admin/redux-framework/ReduxCore/extensions/customizer/extension_customizer.php on line 380
[11-Mar-2024 23:29:45 UTC] PHP Warning:  "continue" targeting switch is equivalent to "break". Did you mean to use "continue 2"? in /wordpress/wp-content/themes/flower/admin/redux-framework/ReduxCore/extensions/customizer/extension_customizer.php on line 384
[11-Mar-2024 23:29:45 UTC] PHP Warning:  "continue" targeting switch is equivalent to "break". Did you mean to use "continue 2"? in /wordpress/wp-content/themes/flower/admin/redux-framework/ReduxCore/extensions/customizer/extension_customizer.php on line 411
[11-Mar-2024 23:29:45 UTC] PHP Warning:  "continue" targeting switch is equivalent to "break". Did you mean to use "continue 2"? in /wordpress/wp-content/themes/flower/admin/redux-framework/ReduxCore/extensions/customizer/extension_customizer.php on line 423
[11-Mar-2024 23:29:45 UTC] PHP Warning:  "continue" targeting switch is equivalent to "break". Did you mean to use "continue 2"? in /wordpress/wp-content/themes/flower/admin/redux-framework/ReduxCore/extensions/customizer/extension_customizer.php on line 442
[11-Mar-2024 23:29:59 UTC] PHP Warning:  "continue" targeting switch is equivalent to "break". Did you mean to use "continue 2"? in /wordpress/wp-content/themes/flower/admin/redux-framework/ReduxCore/extensions/customizer/extension_customizer.php on line 358
[11-Mar-2024 23:29:59 UTC] PHP Warning:  "continue" targeting switch is equivalent to "break". Did you mean to use "continue 2"? in /wordpress/wp-content/themes/flower/admin/redux-framework/ReduxCore/extensions/customizer/extension_customizer.php on line 380
[11-Mar-2024 23:29:59 UTC] PHP Warning:  "continue" targeting switch is equivalent to "break". Did you mean to use "continue 2"? in /wordpress/wp-content/themes/flower/admin/redux-framework/ReduxCore/extensions/customizer/extension_customizer.php on line 384
[11-Mar-2024 23:29:59 UTC] PHP Warning:  "continue" targeting switch is equivalent to "break". Did you mean to use "continue 2"? in /wordpress/wp-content/themes/flower/admin/redux-framework/ReduxCore/extensions/customizer/extension_customizer.php on line 411
[11-Mar-2024 23:29:59 UTC] PHP Warning:  "continue" targeting switch is equivalent to "break". Did you mean to use "continue 2"? in /wordpress/wp-content/themes/flower/admin/redux-framework/ReduxCore/extensions/customizer/extension_customizer.php on line 423
[11-Mar-2024 23:29:59 UTC] PHP Warning:  "continue" targeting switch is equivalent to "break". Did you mean to use "continue 2"? in /wordpress/wp-content/themes/flower/admin/redux-framework/ReduxCore/extensions/customizer/extension_customizer.php on line 442
[11-Mar-2024 23:29:59 UTC] PHP Warning:  "continue" targeting switch is equivalent to "break". Did you mean to use "continue 2"? in /wordpress/wp-content/themes/flower/admin/redux-framework/ReduxCore/extensions/customizer/extension_customizer.php on line 358
[11-Mar-2024 23:29:59 UTC] PHP Warning:  "continue" targeting switch is equivalent to "break". Did you mean to use "continue 2"? in /wordpress/wp-content/themes/flower/admin/redux-framework/ReduxCore/extensions/customizer/extension_customizer.php on line 380
[11-Mar-2024 23:29:59 UTC] PHP Warning:  "continue" targeting switch is equivalent to "break". Did you mean to use "continue 2"? in /wordpress/wp-content/themes/flower/admin/redux-framework/ReduxCore/extensions/customizer/extension_customizer.php on line 384
[11-Mar-2024 23:29:59 UTC] PHP Warning:  "continue" targeting switch is equivalent to "break". Did you mean to use "continue 2"? in /wordpress/wp-content/themes/flower/admin/redux-framework/ReduxCore/extensions/customizer/extension_customizer.php on line 411
[11-Mar-2024 23:29:59 UTC] PHP Warning:  "continue" targeting switch is equivalent to "break". Did you mean to use "continue 2"? in /wordpress/wp-content/themes/flower/admin/redux-framework/ReduxCore/extensions/customizer/extension_customizer.php on line 423
[11-Mar-2024 23:29:59 UTC] PHP Warning:  "continue" targeting switch is equivalent to "break". Did you mean to use "continue 2"? in /wordpress/wp-content/themes/flower/admin/redux-framework/ReduxCore/extensions/customizer/extension_customizer.php on line 442
[11-Mar-2024 23:29:59 UTC] PHP Deprecated:  Hook http_api_transports is deprecated since version 6.4.0 with no alternative available. in /wordpress/wp-includes/functions.php on line 140
[11-Mar-2024 23:30:21 UTC] PHP Warning:  "continue" targeting switch is equivalent to "break". Did you mean to use "continue 2"? in /wordpress/wp-content/themes/flower/admin/redux-framework/ReduxCore/extensions/customizer/extension_customizer.php on line 358
[11-Mar-2024 23:30:21 UTC] PHP Warning:  "continue" targeting switch is equivalent to "break". Did you mean to use "continue 2"? in /wordpress/wp-content/themes/flower/admin/redux-framework/ReduxCore/extensions/customizer/extension_customizer.php on line 380
[11-Mar-2024 23:30:21 UTC] PHP Warning:  "continue" targeting switch is equivalent to "break". Did you mean to use "continue 2"? in /wordpress/wp-content/themes/flower/admin/redux-framework/ReduxCore/extensions/customizer/extension_customizer.php on line 384
[11-Mar-2024 23:30:21 UTC] PHP Warning:  "continue" targeting switch is equivalent to "break". Did you mean to use "continue 2"? in /wordpress/wp-content/themes/flower/admin/redux-framework/ReduxCore/extensions/customizer/extension_customizer.php on line 411
[11-Mar-2024 23:30:21 UTC] PHP Warning:  "continue" targeting switch is equivalent to "break". Did you mean to use "continue 2"? in /wordpress/wp-content/themes/flower/admin/redux-framework/ReduxCore/extensions/customizer/extension_customizer.php on line 423
[11-Mar-2024 23:30:21 UTC] PHP Warning:  "continue" targeting switch is equivalent to "break". Did you mean to use "continue 2"? in /wordpress/wp-content/themes/flower/admin/redux-framework/ReduxCore/extensions/customizer/extension_customizer.php on line 442
[11-Mar-2024 23:30:21 UTC] PHP Deprecated:  Hook http_api_transports is deprecated since version 6.4.0 with no alternative available. in /wordpress/wp-includes/functions.php on line 140
[11-Mar-2024 23:30:31 UTC] PHP Warning:  "continue" targeting switch is equivalent to "break". Did you mean to use "continue 2"? in /wordpress/wp-content/themes/flower/admin/redux-framework/ReduxCore/extensions/customizer/extension_customizer.php on line 358
[11-Mar-2024 23:30:31 UTC] PHP Warning:  "continue" targeting switch is equivalent to "break". Did you mean to use "continue 2"? in /wordpress/wp-content/themes/flower/admin/redux-framework/ReduxCore/extensions/customizer/extension_customizer.php on line 380
[11-Mar-2024 23:30:31 UTC] PHP Warning:  "continue" targeting switch is equivalent to "break". Did you mean to use "continue 2"? in /wordpress/wp-content/themes/flower/admin/redux-framework/ReduxCore/extensions/customizer/extension_customizer.php on line 384
[11-Mar-2024 23:30:31 UTC] PHP Warning:  "continue" targeting switch is equivalent to "break". Did you mean to use "continue 2"? in /wordpress/wp-content/themes/flower/admin/redux-framework/ReduxCore/extensions/customizer/extension_customizer.php on line 411
[11-Mar-2024 23:30:31 UTC] PHP Warning:  "continue" targeting switch is equivalent to "break". Did you mean to use "continue 2"? in /wordpress/wp-content/themes/flower/admin/redux-framework/ReduxCore/extensions/customizer/extension_customizer.php on line 423
[11-Mar-2024 23:30:31 UTC] PHP Warning:  "continue" targeting switch is equivalent to "break". Did you mean to use "continue 2"? in /wordpress/wp-content/themes/flower/admin/redux-framework/ReduxCore/extensions/customizer/extension_customizer.php on line 442
[11-Mar-2024 23:30:31 UTC] PHP Deprecated:  Hook http_api_transports is deprecated since version 6.4.0 with no alternative available. in /wordpress/wp-includes/functions.php on line 140
[11-Mar-2024 23:30:34 UTC] PHP Warning:  "continue" targeting switch is equivalent to "break". Did you mean to use "continue 2"? in /wordpress/wp-content/themes/flower/admin/redux-framework/ReduxCore/extensions/customizer/extension_customizer.php on line 358
[11-Mar-2024 23:30:34 UTC] PHP Warning:  "continue" targeting switch is equivalent to "break". Did you mean to use "continue 2"? in /wordpress/wp-content/themes/flower/admin/redux-framework/ReduxCore/extensions/customizer/extension_customizer.php on line 380
[11-Mar-2024 23:30:34 UTC] PHP Warning:  "continue" targeting switch is equivalent to "break". Did you mean to use "continue 2"? in /wordpress/wp-content/themes/flower/admin/redux-framework/ReduxCore/extensions/customizer/extension_customizer.php on line 384
[11-Mar-2024 23:30:34 UTC] PHP Warning:  "continue" targeting switch is equivalent to "break". Did you mean to use "continue 2"? in /wordpress/wp-content/themes/flower/admin/redux-framework/ReduxCore/extensions/customizer/extension_customizer.php on line 411
[11-Mar-2024 23:30:34 UTC] PHP Warning:  "continue" targeting switch is equivalent to "break". Did you mean to use "continue 2"? in /wordpress/wp-content/themes/flower/admin/redux-framework/ReduxCore/extensions/customizer/extension_customizer.php on line 423
[11-Mar-2024 23:30:34 UTC] PHP Warning:  "continue" targeting switch is equivalent to "break". Did you mean to use "continue 2"? in /wordpress/wp-content/themes/flower/admin/redux-framework/ReduxCore/extensions/customizer/extension_customizer.php on line 442
[11-Mar-2024 23:30:34 UTC] PHP Deprecated:  Hook http_api_transports is deprecated since version 6.4.0 with no alternative available. in /wordpress/wp-includes/functions.php on line 140
[11-Mar-2024 23:30:45 UTC] PHP Warning:  file_get_contents(/wordpress/wp-includes/css/classic-themes.min.css): Failed to open stream: No such file or directory in /wordpress/wp-includes/script-loader.php on line 14
[11-Mar-2024 23:33:31 UTC] PHP Warning:  get_headers(): Unable to find the wrapper &quot;https&quot; - did you forget to enable it when you configured PHP? in /wordpress/wp-content/plugins/ecommerce-product-catalog/modules/cart/includes/cart/ic_cached_cart.php on line 47
[11-Mar-2024 23:33:31 UTC] PHP Warning:  get_headers(): This function may only be used against URLs in /wordpress/wp-content/plugins/ecommerce-product-catalog/modules/cart/includes/cart/ic_cached_cart.php on line 47
[11-Mar-2024 23:34:02 UTC] PHP Warning:  file_get_contents(/wordpress/wp-includes/css/classic-themes.min.css): Failed to open stream: No such file or directory in /wordpress/wp-includes/script-loader.php on line 14
[11-Mar-2024 23:34:23 UTC] PHP Deprecated:  Hook http_api_transports is deprecated since version 6.4.0 with no alternative available. in /wordpress/wp-includes/functions.php on line 140
[11-Mar-2024 23:35:05 UTC] PHP Warning:  file_get_contents(/wordpress/wp-includes/css/classic-themes.min.css): Failed to open stream: No such file or directory in /wordpress/wp-includes/script-loader.php on line 14
[11-Mar-2024 23:35:17 UTC] PHP Warning:  file_get_contents(/wordpress/wp-includes/css/classic-themes.min.css): Failed to open stream: No such file or directory in /wordpress/wp-includes/script-loader.php on line 14
[11-Mar-2024 23:36:16 UTC] PHP Warning:  file_get_contents(/wordpress/wp-includes/css/classic-themes.min.css): Failed to open stream: No such file or directory in /wordpress/wp-includes/script-loader.php on line 14
[11-Mar-2024 23:39:01 UTC] PHP Warning:  file_get_contents(/wordpress/wp-includes/css/classic-themes.min.css): Failed to open stream: No such file or directory in /wordpress/wp-includes/script-loader.php on line 14
[11-Mar-2024 23:39:58 UTC] PHP Warning:  file_get_contents(/wordpress/wp-includes/css/classic-themes.min.css): Failed to open stream: No such file or directory in /wordpress/wp-includes/script-loader.php on line 14
[11-Mar-2024 23:42:37 UTC] PHP Warning:  file_get_contents(/wordpress/wp-includes/css/classic-themes.min.css): Failed to open stream: No such file or directory in /wordpress/wp-includes/script-loader.php on line 14
[11-Mar-2024 23:45:07 UTC] PHP Warning:  file_get_contents(/wordpress/wp-includes/css/classic-themes.min.css): Failed to open stream: No such file or directory in /wordpress/wp-includes/script-loader.php on line 14
[11-Mar-2024 23:45:20 UTC] PHP Warning:  file_get_contents(/wordpress/wp-includes/css/classic-themes.min.css): Failed to open stream: No such file or directory in /wordpress/wp-includes/script-loader.php on line 14
[11-Mar-2024 23:45:42 UTC] PHP Warning:  file_get_contents(/wordpress/wp-includes/css/classic-themes.min.css): Failed to open stream: No such file or directory in /wordpress/wp-includes/script-loader.php on line 14
[11-Mar-2024 23:46:00 UTC] PHP Deprecated:  Hook http_api_transports is deprecated since version 6.4.0 with no alternative available. in /wordpress/wp-includes/functions.php on line 140
[11-Mar-2024 23:46:08 UTC] PHP Warning:  file_get_contents(/wordpress/wp-includes/css/classic-themes.min.css): Failed to open stream: No such file or directory in /wordpress/wp-includes/script-loader.php on line 14
[11-Mar-2024 23:48:03 UTC] PHP Warning:  file_get_contents(/wordpress/wp-includes/css/classic-themes.min.css): Failed to open stream: No such file or directory in /wordpress/wp-includes/script-loader.php on line 14
[11-Mar-2024 23:48:29 UTC] PHP Warning:  file_get_contents(/wordpress/wp-includes/css/classic-themes.min.css): Failed to open stream: No such file or directory in /wordpress/wp-includes/script-loader.php on line 14
[11-Mar-2024 23:50:15 UTC] PHP Fatal error:  Out of memory (allocated 29360128) (tried to allocate 2097152 bytes) in /wordpress/wp-content/plugins/ecommerce-product-catalog/modules/cart/ext/formbuilder/pluggable.php on line 73
[11-Mar-2024 23:50:30 UTC] PHP Fatal error:  Out of memory (allocated 27262976) (tried to allocate 2097152 bytes) in /wordpress/wp-content/plugins/ecommerce-product-catalog/modules/cart/ext/formbuilder/pluggable.php on line 458
[11-Mar-2024 23:51:30 UTC] PHP Fatal error:  Out of memory (allocated 27262976) (tried to allocate 2097152 bytes) in /wordpress/wp-content/plugins/ecommerce-product-catalog/modules/cart/ext/formbuilder/pluggable.php on line 458
[11-Mar-2024 23:52:30 UTC] PHP Fatal error:  Out of memory (allocated 27262976) (tried to allocate 2097152 bytes) in /wordpress/wp-content/plugins/ecommerce-product-catalog/modules/cart/ext/formbuilder/pluggable.php on line 458
[11-Mar-2024 23:52:54 UTC] PHP Fatal error:  Out of memory (allocated 27262976) (tried to allocate 2097152 bytes) in /wordpress/wp-content/plugins/ecommerce-product-catalog/modules/cart/ext/formbuilder/pluggable.php on line 96
[11-Mar-2024 23:52:54 UTC] PHP Fatal error:  Out of memory (allocated 27262976) (tried to allocate 2097152 bytes) in /wordpress/wp-content/plugins/ecommerce-product-catalog/modules/cart/ext/formbuilder/pluggable.php on line 131
[11-Mar-2024 23:53:21 UTC] PHP Warning:  get_headers(): Unable to find the wrapper &quot;https&quot; - did you forget to enable it when you configured PHP? in /wordpress/wp-content/plugins/ecommerce-product-catalog/modules/cart/includes/cart/ic_cached_cart.php on line 47
[11-Mar-2024 23:53:21 UTC] PHP Warning:  get_headers(): This function may only be used against URLs in /wordpress/wp-content/plugins/ecommerce-product-catalog/modules/cart/includes/cart/ic_cached_cart.php on line 47
[11-Mar-2024 23:53:21 UTC] PHP Warning:  file_get_contents(/wordpress/wp-includes/css/classic-themes.min.css): Failed to open stream: No such file or directory in /wordpress/wp-includes/script-loader.php on line 14
[11-Mar-2024 23:57:46 UTC] PHP Warning:  file_get_contents(/wordpress/wp-includes/css/classic-themes.min.css): Failed to open stream: No such file or directory in /wordpress/wp-includes/script-loader.php on line 14
[11-Mar-2024 23:58:09 UTC] PHP Warning:  file_get_contents(/wordpress/wp-includes/css/classic-themes.min.css): Failed to open stream: No such file or directory in /wordpress/wp-includes/script-loader.php on line 14
[12-Mar-2024 00:00:25 UTC] PHP Warning:  file_get_contents(/wordpress/wp-includes/css/classic-themes.min.css): Failed to open stream: No such file or directory in /wordpress/wp-includes/script-loader.php on line 14
[12-Mar-2024 00:07:29 UTC] PHP Deprecated:  Hook http_api_transports is deprecated since version 6.4.0 with no alternative available. in /wordpress/wp-includes/functions.php on line 140
[12-Mar-2024 00:07:30 UTC] PHP Deprecated:  Hook http_api_transports is deprecated since version 6.4.0 with no alternative available. in /wordpress/wp-includes/functions.php on line 140
[12-Mar-2024 00:07:35 UTC] PHP Deprecated:  Hook http_api_transports is deprecated since version 6.4.0 with no alternative available. in /wordpress/wp-includes/functions.php on line 140
[12-Mar-2024 00:07:54 UTC] PHP Deprecated:  Hook http_api_transports is deprecated since version 6.4.0 with no alternative available. in /wordpress/wp-includes/functions.php on line 140
[12-Mar-2024 00:08:05 UTC] PHP Deprecated:  Hook http_api_transports is deprecated since version 6.4.0 with no alternative available. in /wordpress/wp-includes/functions.php on line 140
[12-Mar-2024 00:08:06 UTC] PHP Warning:  get_headers(): Unable to find the wrapper &quot;https&quot; - did you forget to enable it when you configured PHP? in /wordpress/wp-content/plugins/ecommerce-product-catalog/modules/cart/includes/cart/ic_cached_cart.php on line 47
[12-Mar-2024 00:08:06 UTC] PHP Warning:  get_headers(): This function may only be used against URLs in /wordpress/wp-content/plugins/ecommerce-product-catalog/modules/cart/includes/cart/ic_cached_cart.php on line 47
[12-Mar-2024 00:08:58 UTC] PHP Deprecated:  Hook http_api_transports is deprecated since version 6.4.0 with no alternative available. in /wordpress/wp-includes/functions.php on line 140
[12-Mar-2024 00:10:14 UTC] PHP Warning:  get_headers(): Unable to find the wrapper &quot;https&quot; - did you forget to enable it when you configured PHP? in /wordpress/wp-content/plugins/ecommerce-product-catalog/modules/cart/includes/cart/ic_cached_cart.php on line 47
[12-Mar-2024 00:10:14 UTC] PHP Warning:  get_headers(): This function may only be used against URLs in /wordpress/wp-content/plugins/ecommerce-product-catalog/modules/cart/includes/cart/ic_cached_cart.php on line 47
[12-Mar-2024 00:10:15 UTC] PHP Deprecated:  Hook http_api_transports is deprecated since version 6.4.0 with no alternative available. in /wordpress/wp-includes/functions.php on line 140
[12-Mar-2024 00:11:15 UTC] PHP Deprecated:  Hook http_api_transports is deprecated since version 6.4.0 with no alternative available. in /wordpress/wp-includes/functions.php on line 140
[12-Mar-2024 00:11:34 UTC] PHP Deprecated:  Hook http_api_transports is deprecated since version 6.4.0 with no alternative available. in /wordpress/wp-includes/functions.php on line 140
[12-Mar-2024 00:11:38 UTC] PHP Deprecated:  Function get_currentuserinfo is deprecated since version 4.5.0! Use wp_get_current_user() instead. in /wordpress/wp-includes/functions.php on line 140
[12-Mar-2024 00:11:38 UTC] PHP Warning:  Undefined variable $parent_theme_name in /wordpress/wp-content/plugins/one-click-child-theme-main/templates/create_child_form.php on line 18
[12-Mar-2024 00:11:59 UTC] PHP Deprecated:  Function get_current_theme is deprecated since version 3.4.0! Use wp_get_theme() instead. in /wordpress/wp-includes/functions.php on line 140
[12-Mar-2024 00:11:59 UTC] PHP Deprecated:  Hook http_api_transports is deprecated since version 6.4.0 with no alternative available. in /wordpress/wp-includes/functions.php on line 140
[12-Mar-2024 00:14:49 UTC] PHP Deprecated:  Hook http_api_transports is deprecated since version 6.4.0 with no alternative available. in /wordpress/wp-includes/functions.php on line 140
[12-Mar-2024 00:14:54 UTC] PHP Deprecated:  Hook http_api_transports is deprecated since version 6.4.0 with no alternative available. in /wordpress/wp-includes/functions.php on line 140
[12-Mar-2024 00:14:56 UTC] PHP Deprecated:  Hook http_api_transports is deprecated since version 6.4.0 with no alternative available. in /wordpress/wp-includes/functions.php on line 140
[12-Mar-2024 00:15:17 UTC] PHP Deprecated:  Hook http_api_transports is deprecated since version 6.4.0 with no alternative available. in /wordpress/wp-includes/functions.php on line 140
[12-Mar-2024 00:15:24 UTC] PHP Deprecated:  Hook http_api_transports is deprecated since version 6.4.0 with no alternative available. in /wordpress/wp-includes/functions.php on line 140
[12-Mar-2024 00:15:48 UTC] PHP Warning:  file_get_contents(/wordpress/wp-includes/css/classic-themes.min.css): Failed to open stream: No such file or directory in /wordpress/wp-includes/script-loader.php on line 14
[12-Mar-2024 00:28:40 UTC] PHP Deprecated:  Hook http_api_transports is deprecated since version 6.4.0 with no alternative available. in /wordpress/wp-includes/functions.php on line 140
[12-Mar-2024 00:28:45 UTC] PHP Warning:  file_get_contents(/wordpress/wp-includes/css/classic-themes.min.css): Failed to open stream: No such file or directory in /wordpress/wp-includes/script-loader.php on line 14
[12-Mar-2024 00:28:46 UTC] PHP Deprecated:  Hook http_api_transports is deprecated since version 6.4.0 with no alternative available. in /wordpress/wp-includes/functions.php on line 140
[12-Mar-2024 00:31:43 UTC] PHP Warning:  file_get_contents(/wordpress/wp-includes/css/classic-themes.min.css): Failed to open stream: No such file or directory in /wordpress/wp-includes/script-loader.php on line 14
[13-Mar-2024 01:00:24 UTC] PHP Deprecated:  Hook http_api_transports is deprecated since version 6.4.0 with no alternative available. in /wordpress/wp-includes/functions.php on line 140
[13-Mar-2024 01:00:25 UTC] PHP Warning:  get_headers(): Unable to find the wrapper &quot;https&quot; - did you forget to enable it when you configured PHP? in /wordpress/wp-content/plugins/ecommerce-product-catalog/modules/cart/includes/cart/ic_cached_cart.php on line 47
[13-Mar-2024 01:00:25 UTC] PHP Warning:  get_headers(): This function may only be used against URLs in /wordpress/wp-content/plugins/ecommerce-product-catalog/modules/cart/includes/cart/ic_cached_cart.php on line 47
[13-Mar-2024 01:00:25 UTC] PHP Warning:  file_get_contents(/wordpress/wp-includes/css/classic-themes.min.css): Failed to open stream: No such file or directory in /wordpress/wp-includes/script-loader.php on line 14
[13-Mar-2024 01:00:29 UTC] PHP Deprecated:  Hook http_api_transports is deprecated since version 6.4.0 with no alternative available. in /wordpress/wp-includes/functions.php on line 140
[13-Mar-2024 01:04:15 UTC] PHP Deprecated:  Hook http_api_transports is deprecated since version 6.4.0 with no alternative available. in /wordpress/wp-includes/functions.php on line 140
[13-Mar-2024 01:04:22 UTC] PHP Warning:  file_get_contents(/wordpress/wp-includes/css/classic-themes.min.css): Failed to open stream: No such file or directory in /wordpress/wp-includes/script-loader.php on line 14
[13-Mar-2024 01:04:59 UTC] PHP Warning:  file_get_contents(/wordpress/wp-includes/css/classic-themes.min.css): Failed to open stream: No such file or directory in /wordpress/wp-includes/script-loader.php on line 14
[13-Mar-2024 01:05:27 UTC] PHP Warning:  file_get_contents(/wordpress/wp-includes/css/classic-themes.min.css): Failed to open stream: No such file or directory in /wordpress/wp-includes/script-loader.php on line 14
[15-Mar-2024 00:50:33 UTC] PHP Deprecated:  Hook http_api_transports is deprecated since version 6.4.0 with no alternative available. in /wordpress/wp-includes/functions.php on line 140
[15-Mar-2024 00:50:34 UTC] PHP Warning:  get_headers(): Unable to find the wrapper &quot;https&quot; - did you forget to enable it when you configured PHP? in /wordpress/wp-content/plugins/ecommerce-product-catalog/modules/cart/includes/cart/ic_cached_cart.php on line 47
[15-Mar-2024 00:50:34 UTC] PHP Warning:  get_headers(): This function may only be used against URLs in /wordpress/wp-content/plugins/ecommerce-product-catalog/modules/cart/includes/cart/ic_cached_cart.php on line 47
[15-Mar-2024 00:50:41 UTC] PHP Deprecated:  Hook http_api_transports is deprecated since version 6.4.0 with no alternative available. in /wordpress/wp-includes/functions.php on line 140
[15-Mar-2024 00:51:27 UTC] PHP Deprecated:  Hook http_api_transports is deprecated since version 6.4.0 with no alternative available. in /wordpress/wp-includes/functions.php on line 140
[15-Mar-2024 00:51:36 UTC] PHP Deprecated:  Hook http_api_transports is deprecated since version 6.4.0 with no alternative available. in /wordpress/wp-includes/functions.php on line 140
[15-Mar-2024 00:51:43 UTC] PHP Deprecated:  Hook http_api_transports is deprecated since version 6.4.0 with no alternative available. in /wordpress/wp-includes/functions.php on line 140
[15-Mar-2024 00:52:05 UTC] PHP Deprecated:  Hook http_api_transports is deprecated since version 6.4.0 with no alternative available. in /wordpress/wp-includes/functions.php on line 140
[15-Mar-2024 00:52:09 UTC] PHP Deprecated:  Hook http_api_transports is deprecated since version 6.4.0 with no alternative available. in /wordpress/wp-includes/functions.php on line 140
[15-Mar-2024 00:52:09 UTC] PHP Warning:  get_headers(): Unable to find the wrapper &quot;https&quot; - did you forget to enable it when you configured PHP? in /wordpress/wp-content/plugins/ecommerce-product-catalog/modules/cart/includes/cart/ic_cached_cart.php on line 47
[15-Mar-2024 00:52:09 UTC] PHP Warning:  get_headers(): This function may only be used against URLs in /wordpress/wp-content/plugins/ecommerce-product-catalog/modules/cart/includes/cart/ic_cached_cart.php on line 47
[15-Mar-2024 01:19:39 UTC] PHP Warning:  get_headers(): Unable to find the wrapper &quot;https&quot; - did you forget to enable it when you configured PHP? in /wordpress/wp-content/plugins/ecommerce-product-catalog/modules/cart/includes/cart/ic_cached_cart.php on line 47
[15-Mar-2024 01:19:39 UTC] PHP Warning:  get_headers(): This function may only be used against URLs in /wordpress/wp-content/plugins/ecommerce-product-catalog/modules/cart/includes/cart/ic_cached_cart.php on line 47
[15-Mar-2024 01:19:39 UTC] PHP Warning:  file_get_contents(/wordpress/wp-includes/css/classic-themes.min.css): Failed to open stream: No such file or directory in /wordpress/wp-includes/script-loader.php on line 14
[15-Mar-2024 01:19:42 UTC] PHP Deprecated:  Hook http_api_transports is deprecated since version 6.4.0 with no alternative available. in /wordpress/wp-includes/functions.php on line 140
[15-Mar-2024 01:24:46 UTC] PHP Deprecated:  Hook http_api_transports is deprecated since version 6.4.0 with no alternative available. in /wordpress/wp-includes/functions.php on line 140
[15-Mar-2024 01:24:48 UTC] PHP Deprecated:  Hook http_api_transports is deprecated since version 6.4.0 with no alternative available. in /wordpress/wp-includes/functions.php on line 140
[15-Mar-2024 01:25:04 UTC] PHP Deprecated:  Function get_currentuserinfo is deprecated since version 4.5.0! Use wp_get_current_user() instead. in /wordpress/wp-includes/functions.php on line 140
[15-Mar-2024 01:25:04 UTC] PHP Warning:  Undefined variable $parent_theme_name in /wordpress/wp-content/plugins/one-click-child-theme-main/templates/create_child_form.php on line 18
[15-Mar-2024 01:25:24 UTC] PHP Warning:  file_get_contents(/wordpress/wp-includes/css/classic-themes.min.css): Failed to open stream: No such file or directory in /wordpress/wp-includes/script-loader.php on line 14
[15-Mar-2024 01:25:38 UTC] PHP Deprecated:  Function get_currentuserinfo is deprecated since version 4.5.0! Use wp_get_current_user() instead. in /wordpress/wp-includes/functions.php on line 140
[15-Mar-2024 01:25:38 UTC] PHP Warning:  Undefined variable $parent_theme_name in /wordpress/wp-content/plugins/one-click-child-theme-main/templates/create_child_form.php on line 18
[15-Mar-2024 01:25:50 UTC] PHP Warning:  file_get_contents(/wordpress/wp-includes/css/classic-themes.min.css): Failed to open stream: No such file or directory in /wordpress/wp-includes/script-loader.php on line 14
[15-Mar-2024 01:28:21 UTC] PHP Deprecated:  Hook http_api_transports is deprecated since version 6.4.0 with no alternative available. in /wordpress/wp-includes/functions.php on line 140
[15-Mar-2024 01:36:07 UTC] PHP Deprecated:  Hook http_api_transports is deprecated since version 6.4.0 with no alternative available. in /wordpress/wp-includes/functions.php on line 140
[15-Mar-2024 01:37:51 UTC] PHP Deprecated:  Hook http_api_transports is deprecated since version 6.4.0 with no alternative available. in /wordpress/wp-includes/functions.php on line 140
[15-Mar-2024 01:39:45 UTC] PHP Deprecated:  Hook http_api_transports is deprecated since version 6.4.0 with no alternative available. in /wordpress/wp-includes/functions.php on line 140
[15-Mar-2024 01:44:11 UTC] PHP Deprecated:  Hook http_api_transports is deprecated since version 6.4.0 with no alternative available. in /wordpress/wp-includes/functions.php on line 140
[15-Mar-2024 01:44:14 UTC] PHP Deprecated:  Hook http_api_transports is deprecated since version 6.4.0 with no alternative available. in /wordpress/wp-includes/functions.php on line 140
[15-Mar-2024 01:45:15 UTC] PHP Deprecated:  Function get_currentuserinfo is deprecated since version 4.5.0! Use wp_get_current_user() instead. in /wordpress/wp-includes/functions.php on line 140
[15-Mar-2024 01:45:15 UTC] PHP Warning:  Undefined variable $parent_theme_name in /wordpress/wp-content/plugins/one-click-child-theme-main/templates/create_child_form.php on line 18
[15-Mar-2024 04:54:49 UTC] PHP Deprecated:  Hook http_api_transports is deprecated since version 6.4.0 with no alternative available. in /wordpress/wp-includes/functions.php on line 140
[15-Mar-2024 04:56:57 UTC] PHP Deprecated:  Hook http_api_transports is deprecated since version 6.4.0 with no alternative available. in /wordpress/wp-includes/functions.php on line 140
[15-Mar-2024 04:58:04 UTC] PHP Deprecated:  Hook http_api_transports is deprecated since version 6.4.0 with no alternative available. in /wordpress/wp-includes/functions.php on line 140
[15-Mar-2024 04:58:04 UTC] PHP Deprecated:  Hook http_api_transports is deprecated since version 6.4.0 with no alternative available. in /wordpress/wp-includes/functions.php on line 140
[15-Mar-2024 04:58:07 UTC] PHP Deprecated:  Function get_currentuserinfo is deprecated since version 4.5.0! Use wp_get_current_user() instead. in /wordpress/wp-includes/functions.php on line 140
[15-Mar-2024 04:58:07 UTC] PHP Warning:  Undefined variable $parent_theme_name in /wordpress/wp-content/plugins/one-click-child-theme-main/templates/create_child_form.php on line 18
[15-Mar-2024 04:58:30 UTC] PHP Deprecated:  Function get_current_theme is deprecated since version 3.4.0! Use wp_get_theme() instead. in /wordpress/wp-includes/functions.php on line 140
[15-Mar-2024 04:58:31 UTC] PHP Deprecated:  Hook http_api_transports is deprecated since version 6.4.0 with no alternative available. in /wordpress/wp-includes/functions.php on line 140
[15-Mar-2024 05:03:06 UTC] PHP Warning:  file_get_contents(/wordpress/wp-includes/css/classic-themes.min.css): Failed to open stream: No such file or directory in /wordpress/wp-includes/script-loader.php on line 14
[15-Mar-2024 05:07:31 UTC] PHP Warning:  file_get_contents(/wordpress/wp-includes/css/classic-themes.min.css): Failed to open stream: No such file or directory in /wordpress/wp-includes/script-loader.php on line 14
[15-Mar-2024 05:08:46 UTC] PHP Warning:  file_get_contents(/wordpress/wp-includes/css/classic-themes.min.css): Failed to open stream: No such file or directory in /wordpress/wp-includes/script-loader.php on line 14
[15-Mar-2024 05:08:47 UTC] PHP Deprecated:  Hook http_api_transports is deprecated since version 6.4.0 with no alternative available. in /wordpress/wp-includes/functions.php on line 140
[15-Mar-2024 05:09:59 UTC] PHP Warning:  file_get_contents(/wordpress/wp-includes/css/classic-themes.min.css): Failed to open stream: No such file or directory in /wordpress/wp-includes/script-loader.php on line 14
[18-Mar-2024 23:33:17 UTC] PHP Deprecated:  Hook http_api_transports is deprecated since version 6.4.0 with no alternative available. in /wordpress/wp-includes/functions.php on line 140
[18-Mar-2024 23:33:17 UTC] PHP Warning:  get_headers(): https:// wrapper is disabled in the server configuration by allow_url_fopen=0 in /wordpress/wp-content/plugins/ecommerce-product-catalog/modules/cart/includes/cart/ic_cached_cart.php on line 47
[18-Mar-2024 23:33:17 UTC] PHP Warning:  get_headers(): This function may only be used against URLs in /wordpress/wp-content/plugins/ecommerce-product-catalog/modules/cart/includes/cart/ic_cached_cart.php on line 47
[18-Mar-2024 23:33:17 UTC] PHP Deprecated:  Hook http_api_transports is deprecated since version 6.4.0 with no alternative available. in /wordpress/wp-includes/functions.php on line 140
[19-Mar-2024 00:06:48 UTC] PHP Warning:  get_headers(): https:// wrapper is disabled in the server configuration by allow_url_fopen=0 in /wordpress/wp-content/plugins/ecommerce-product-catalog/modules/cart/includes/cart/ic_cached_cart.php on line 47
[19-Mar-2024 00:06:48 UTC] PHP Warning:  get_headers(): This function may only be used against URLs in /wordpress/wp-content/plugins/ecommerce-product-catalog/modules/cart/includes/cart/ic_cached_cart.php on line 47
